android/app/build/intermediates/manifest_merge_blame_file/debug/manifest-merger-blame-debug-report.txt
1<?xml version="1.0" encoding="utf-8"?>
2<manifest xmlns:android="http://schemas.android.com/apk/res/android"
3    package="com.flashwash"
4    android:versionCode="1"
5    android:versionName="1.0" >
6
7    <uses-sdk
8        android:minSdkVersion="16"
9        android:targetSdkVersion="28" />
10
11    <uses-permission android:name="android.permission.SYSTEM_ALERT_WINDOW" />
11-->src\debug\AndroidManifest.xml:5:5-77
11-->src\debug\AndroidManifest.xml:5:22-75
12    <uses-permission android:name="android.permission.INTERNET" />
12-->src\main\AndroidManifest.xml:4:5-67
12-->src\main\AndroidManifest.xml:4:22-64
13    <uses-permission android:name="android.permission.ACCESS_FINE_LOCATION" />
13-->src\main\AndroidManifest.xml:5:5-79
13-->src\main\AndroidManifest.xml:5:22-76
14    <uses-permission android:name="android.permission.ACCESS_COARSE_LOCATION" />
14-->src\main\AndroidManifest.xml:6:5-81
14-->src\main\AndroidManifest.xml:6:22-78
15    <uses-permission android:name="android.permission.ACCESS_WIFI_STATE" />
15-->[com.facebook.flipper:flipper:0.33.1] AndroidManifest.xml:16:5-76
15-->[com.facebook.flipper:flipper:0.33.1] AndroidManifest.xml:16:22-73
16    <uses-permission android:name="android.permission.ACCESS_NETWORK_STATE" />
16-->[:react-native-geolocation-service] AndroidManifest.xml:10:5-79
16-->[:react-native-geolocation-service] AndroidManifest.xml:10:22-76
17
18    <uses-feature
18-->[com.google.android.gms:play-services-maps:17.0.0] AndroidManifest.xml:26:5-28:35
19        android:glEsVersion="0x00020000"
19-->[com.google.android.gms:play-services-maps:17.0.0] AndroidManifest.xml:27:9-41
20        android:required="true" />
20-->[com.google.android.gms:play-services-maps:17.0.0] AndroidManifest.xml:28:9-32
21
22    <application
22-->src\main\AndroidManifest.xml:8:5-39:19
23        android:name="com.flashwash.MainApplication"
23-->src\main\AndroidManifest.xml:9:7-38
24        android:allowBackup="false"
24-->src\main\AndroidManifest.xml:13:7-34
25        android:appComponentFactory="androidx.core.app.CoreComponentFactory"
25-->[androidx.core:core:1.1.0] AndroidManifest.xml:24:18-86
26        android:debuggable="true"
27        android:icon="@mipmap/ic_launcher"
27-->src\main\AndroidManifest.xml:11:7-41
28        android:label="@string/app_name"
28-->src\main\AndroidManifest.xml:10:7-39
29        android:roundIcon="@mipmap/ic_launcher_round"
29-->src\main\AndroidManifest.xml:12:7-52
30        android:theme="@style/AppTheme"
30-->src\main\AndroidManifest.xml:14:7-38
31        android:usesCleartextTraffic="true" >
31-->src\debug\AndroidManifest.xml:7:18-53
32        <activity
32-->src\main\AndroidManifest.xml:15:7-23:18
33            android:name="com.flashwash.SplashActivity"
33-->src\main\AndroidManifest.xml:16:9-39
34            android:label="@string/app_name"
34-->src\main\AndroidManifest.xml:18:9-41
35            android:theme="@style/SplashTheme" >
35-->src\main\AndroidManifest.xml:17:9-43
36            <intent-filter>
36-->src\main\AndroidManifest.xml:19:9-22:25
37                <action android:name="android.intent.action.MAIN" />
37-->src\main\AndroidManifest.xml:20:13-65
37-->src\main\AndroidManifest.xml:20:21-62
38
39                <category android:name="android.intent.category.LAUNCHER" />
39-->src\main\AndroidManifest.xml:21:13-73
39-->src\main\AndroidManifest.xml:21:23-70
40            </intent-filter>
41        </activity>
42        <activity
42-->src\main\AndroidManifest.xml:24:7-31:18
43            android:name="com.flashwash.MainActivity"
43-->src\main\AndroidManifest.xml:25:9-37
44            android:configChanges="keyboard|keyboardHidden|orientation|screenSize|uiMode"
44-->src\main\AndroidManifest.xml:27:9-86
45            android:exported="true"
45-->src\main\AndroidManifest.xml:29:9-32
46            android:label="@string/app_name"
46-->src\main\AndroidManifest.xml:26:9-41
47            android:launchMode="singleTask"
47-->src\main\AndroidManifest.xml:28:9-40
48            android:windowSoftInputMode="adjustResize" >
48-->src\main\AndroidManifest.xml:30:9-51
49        </activity>
50        <activity android:name="com.facebook.react.devsupport.DevSettingsActivity" />
50-->src\main\AndroidManifest.xml:32:7-84
50-->src\main\AndroidManifest.xml:32:17-81
51
52        <meta-data
52-->src\main\AndroidManifest.xml:33:8-35:64
53            android:name="com.google.android.gms.version"
53-->src\main\AndroidManifest.xml:34:9-54
54            android:value="@integer/google_play_services_version" />
54-->src\main\AndroidManifest.xml:35:9-62
55        <meta-data
55-->src\main\AndroidManifest.xml:36:7-38:67
56            android:name="com.google.android.geo.API_KEY"
56-->src\main\AndroidManifest.xml:37:9-54
57            android:value="AIzaSyDd3p6mDR7No8-mLAFmBrvV90dU0rzA5IU" /> <!-- Needs to be explicitly declared on P+ -->
57-->src\main\AndroidManifest.xml:38:9-64
58        <uses-library
58-->[com.google.android.gms:play-services-maps:17.0.0] AndroidManifest.xml:33:9-35:40
59            android:name="org.apache.http.legacy"
59-->[com.google.android.gms:play-services-maps:17.0.0] AndroidManifest.xml:34:13-50
60            android:required="false" />
60-->[com.google.android.gms:play-services-maps:17.0.0] AndroidManifest.xml:35:13-37
61
62        <activity
62-->[com.google.android.gms:play-services-base:17.0.0] AndroidManifest.xml:23:9-26:75
63            android:name="com.google.android.gms.common.api.GoogleApiActivity"
63-->[com.google.android.gms:play-services-base:17.0.0] AndroidManifest.xml:24:13-79
64            android:exported="false"
64-->[com.google.android.gms:play-services-base:17.0.0] AndroidManifest.xml:25:13-37
65            android:theme="@android:style/Theme.Translucent.NoTitleBar" />
65-->[com.google.android.gms:play-services-base:17.0.0] AndroidManifest.xml:26:13-72
66    </application>
67
68</manifest>